001 HAM 0.4998127796579648349118711520
002 SPAM 0.5029440183627524885809953793
003 HAM 0.4997201739438443878073152709
004 SPAM 0.5050516343685960494420937668
005 HAM 0.4995960357205043054416418747
006 SPAM 0.5021756246174543559716776457
007 HAM 0.4894626256590115904874089853
008 SPAM 0.5028227654969578535310409915
009 HAM 0.3622303961912107807521591502
010 SPAM 0.5014564016128479527546859369
011 SPAM 0.5228410334450546462793152124
012 HAM 0.4753696691839593061426714955
013 HAM 0.4791083261872228516296204202
014 HAM 0.4794074887879222513856509637
015 SPAM 0.5014895900060108825621961362
016 SPAM 0.5055631638426273210797412807
017 SPAM 0.5005291107970946711659919484
018 SPAM 0.5036176379504570378715753647
019 SPAM 0.5432519593015578278858292299
020 HAM 0.4926920683790662803003092439
021 SPAM 0.5156231390687359097709437954
022 SPAM 0.5347179590228453260051328089
023 SPAM 0.5206775497426387614491264068
024 SPAM 0.5044373499570972036354926125
025 SPAM 0.5023020881179262032344844776
026 SPAM 0.5123827363638267103305772605
027 SPAM 0.5000957011614776328256197636
028 SPAM 0.5133816740110500768871568162
029 HAM 0.4786033216770412764250472081
030 SPAM 0.5103675283644368644277133836
031 HAM 0.4951198366403152218939523028
032 SPAM 0.5046168273543147524335653935
033 SPAM 0.5347114127460164220978710744
034 SPAM 0.5034925131977064071013263710
035 HAM 0.4935182155234483134025007705
036 SPAM 0.5036747611971518115291987030
037 SPAM 0.5010242229757205272187969286
038 SPAM 0.5032434332069127866894046791
039 SPAM 0.5055823691550014332904642656
040 SPAM 0.5047161993354503863265266366
041 SPAM 0.5137879843945286473990790230
042 SPAM 0.5020539185334251568290775810
043 HAM 0.4968503111754024977427329664
044 SPAM 0.5004264208845636638262486079
045 SPAM 0.5009293189373970010486082078
046 HAM 0.4826921215185485319325975799
047 HAM 0.4835083051524341772068181648
048 SPAM 0.5026782353335688499466267948
049 HAM 0.4995412738913082719687576437
050 SPAM 0.5049536218967010657455818011
051 HAM 0.4739379306654210102863827673
052 SPAM 0.5354744900056722522449769773
053 SPAM 0.5115264056850620186061105544
054 SPAM 0.5068220984866467903155606061
055 HAM 0.4955551049219841622700423542
056 SPAM 0.5209842339565902726292240978
057 SPAM 0.5173450526267483789667107340
058 SPAM 0.5253222283443316517759075251
059 SPAM 0.5056192134313969972966084877
060 SPAM 0.5078108608971439571745514994
061 SPAM 0.5081578648482297470015028848
062 SPAM 0.5071528295864500352328333808
063 SPAM 0.5012206264933101889887382024
064 SPAM 0.5097924680867435403677969208
065 SPAM 0.5061823345073751351650765999
066 HAM 0.4976801791452520607355671589
067 SPAM 0.5085891564115640431893419503
068 SPAM 0.5076733371627576455765252514
069 HAM 0.4963615125738549747181962743
070 HAM 0.4984334220003467327605665305
071 SPAM 0.5219033409830254500561685357
072 SPAM 0.5020445514081883971281238632
073 HAM 0.4914348587470394016069290900
074 SPAM 0.5040416709526911933588438759
075 SPAM 0.5011434717755414618946754988
076 SPAM 0.5056198981576638748949055381
077 HAM 0.4917997296955043039176909930
078 SPAM 0.5011525608958431103372602551
079 SPAM 0.5026852873510785266268090220
080 HAM 0.4945477347797814051339040983
081 SPAM 0.5011526283044140724576433690
082 SPAM 0.5003629531543214217108412435
083 SPAM 0.5008862127289982344624468272
084 HAM 0.4820616943519081274161099094
085 HAM 0.4945417630106625417856825200
086 HAM 0.4890239935986796767230386462
087 SPAM 0.5004293498038737116021800382
088 HAM 0.4999717568657171615021769505
089 HAM 0.4886250103596179988807759168
090 HAM 0.4864503923418837378906626658
091 HAM 0.4574007843065405199015483015
092 SPAM 0.5056919209138143898965018275
093 SPAM 0.5015735993280027878056919713
094 HAM 0.4931163692041674646908090797
095 SPAM 0.5058235040299150851263773764
096 SPAM 0.5003041472323864027703593298
097 HAM 0.4939961230447073456440086258
098 SPAM 0.5068890216150990753112059729
099 HAM 0.4964964777483628465337418893
100 HAM 0.4954613236822669537350902713
