001 HAM 0.4912994714422109027570142235
002 HAM 0.4921609531026603439711606808
003 HAM 0.4903819017938490875510537633
004 HAM 0.4658387362077771067354953036
005 HAM 0.4995879704147438382591125721
006 SPAM 0.5341092079729388900407333894
007 HAM 0.4966454101036813736178197940
008 SPAM 0.5049947020794861550116414867
009 HAM 0.4899997376524028737849173552
010 SPAM 0.5007531847204442807815611085
011 SPAM 0.5028217078746200771307731812
012 SPAM 0.5057060126377299806449834306
013 HAM 0.4920369704964679537606163849
014 HAM 0.4909752090696252264652608816
015 HAM 0.4956124215354519494639060229
016 HAM 0.4934539393274109076034110441
017 HAM 0.4644043778799496918701866294
018 HAM 0.4992368901282737408478182738
019 SPAM 0.5017044287109191588223271357
020 SPAM 0.5154641671453677227105894854
021 HAM 0.4934042143308750950835822283
022 SPAM 0.5272189502290453099596803629
023 SPAM 0.5342220452584355564721471064
024 SPAM 0.5022996596918000442754315521
025 SPAM 0.5118458324788032753637333027
026 SPAM 0.5049570757458295425128308571
027 SPAM 0.5270380267062884126310426182
028 HAM 0.4964530148494024416186783998
029 SPAM 0.5149803933075005604619121057
030 SPAM 0.5017500259211569316424193822
031 HAM 0.4997791561110260351314146217
032 HAM 0.4661002688686656359629285068
033 SPAM 0.5063386942187285508470570715
034 HAM 0.4992769336963187310777957064
035 HAM 0.4937013101748982163176316856
036 HAM 0.4645794087353198837526877251
037 SPAM 0.5008782592244285387228090509
038 SPAM 0.5118894313080480273755089350
039 HAM 0.4933034492534457586186595209
040 HAM 0.4785646600758951912339207567
041 HAM 0.4940548842339830789649425028
042 SPAM 0.5220989814786250657716372042
043 HAM 0.4993448852191244631911216519
044 SPAM 0.5025815830063216939827636264
045 HAM 0.4920129233975068171844890933
046 HAM 0.4981488865017504305130908145
047 HAM 0.4977846438982297306661988028
048 HAM 0.4817262820172280205914459501
049 SPAM 0.5217611037478015071024186631
050 HAM 0.4929149524822846506283958518
051 HAM 0.4972924557313230877631334408
052 SPAM 0.5137622935157131780101235216
053 SPAM 0.5035710779656590200284530767
054 HAM 0.4820873585418353095222194819
055 HAM 0.4993235476730577203981114128
056 HAM 0.4919848898634774478621913577
057 SPAM 0.5014755327844484957137476858
058 SPAM 0.5032057877323082249475590231
059 SPAM 0.5048234598851362128924801005
060 HAM 0.4959331951194352435541476396
061 HAM 0.4783993235089226096002377729
062 HAM 0.4963696512739242023012772546
063 HAM 0.4653263429750903790150551260
064 HAM 0.4928908419488511599627745012
065 SPAM 0.5000697920771074623760626828
066 SPAM 0.5381122494385153632933408351
067 HAM 0.4997559883460746881066085375
068 HAM 0.4762554162287068417572083104
069 HAM 0.4915105611571515769436988861
070 HAM 0.4975156091360289832868651642
071 HAM 0.4994740803450151850556055163
072 SPAM 0.5133123536071864772117388415
073 SPAM 0.5040374111612353923660107309
074 SPAM 0.5011714677905653678644538879
075 HAM 0.4992339951634708927382379009
076 SPAM 0.5036703827224333368393883245
077 HAM 0.4651885044476851338932658342
078 HAM 0.4979561011764442422262164183
079 HAM 0.4980380927717885196124442857
080 SPAM 0.5048812924669959643679784949
081 HAM 0.4958267822368173254285720117
082 HAM 0.4961612601265472086825363312
083 SPAM 0.5036147495136392554774299678
084 HAM 0.4958243503675467863696119254
085 SPAM 0.5005116347678213434102932446
086 HAM 0.4987978520112361505343583850
087 HAM 0.4934181910992070090744435298
088 HAM 0.4928047341434173092254884213
089 SPAM 0.5039824132519812326432920762
090 HAM 0.4765457676782006003694878330
091 SPAM 0.5381915938303827382351446179
092 HAM 0.4932269713848122234686200082
093 SPAM 0.5042774985254590468007611206
094 SPAM 0.5011575878136202243547375134
095 HAM 0.4973189871969982843810021677
096 HAM 0.4990613656113197289212507151
097 SPAM 0.5019002036452893223943317743
098 HAM 0.4985380719224546978186664241
099 HAM 0.4976517909224021004904479551
100 HAM 0.4792063065352671657065405784
101 SPAM 0.5024152290295459932603359651
102 HAM 0.4982518184510235987893134896
103 HAM 0.4984537957801225602700445923
104 HAM 0.4938427292228025240478470181
105 HAM 0.4970229885459661969689606916
106 HAM 0.4862698303236113492878133956
107 SPAM 0.5018540827029663102038218914
108 HAM 0.4789285283971920736150793444
109 HAM 0.4864222788597038386771667536
110 HAM 0.4980241248633070450137215982
111 HAM 0.4982957326379136957013240789
112 SPAM 0.5362122398301539080051150930
113 SPAM 0.5363192831372489522850531943
114 SPAM 0.5039350381777059315645861400
115 HAM 0.4980021168069756371642662217
116 SPAM 0.5121900494455832152306593468
117 HAM 0.4946041363089507623569104903
118 HAM 0.4941085785598613783259061335
119 SPAM 0.5009546020418961426436666430
120 SPAM 0.5298859496136501550583924946
121 HAM 0.4979352692033426996156580928
122 SPAM 0.5334869803461579466040335312
123 SPAM 0.5206257544242922254800329128
124 HAM 0.4997806827317690587853755762
125 HAM 0.4971607601483310047915300042
126 HAM 0.4993667417110376640716866186
127 SPAM 0.5038663602919002976310826593
128 SPAM 0.5010649986437745684919126887
129 HAM 0.4931382938348854685332117687
130 SPAM 0.5023998686208027460468206894
131 SPAM 0.5020577508192237416811157343
132 HAM 0.4939949861962575627287303142
133 SPAM 0.5199064835883652096266226575
134 SPAM 0.5298467624213661760196989534
135 SPAM 0.5034157579673919187946966637
136 SPAM 0.5203842827566519555092303363
137 HAM 0.4940711231237320495331117140
138 HAM 0.4978132368090463307270292176
139 HAM 0.4972717653152214885015193013
140 SPAM 0.5038034571984582647004106018
141 HAM 0.4983714019233061762428461841
142 HAM 0.4800761458042055233948866559
143 HAM 0.4947205567894934069519083352
144 SPAM 0.5124255032472499636243262045
145 HAM 0.4984988170304683269095182156
146 HAM 0.4953168494627090281946532636
147 HAM 0.4908812153452394992359565617
148 HAM 0.4665736017246780442208204229
149 HAM 0.4995349544986254220750117849
150 HAM 0.4983829305026405384337464497
151 SPAM 0.5019528340680643436100364571
152 HAM 0.4678406191520974035843129696
153 HAM 0.4979475087299964361449494500
154 HAM 0.4993694172642496702105553491
155 HAM 0.4805991371480519601551497026
156 HAM 0.4994703936945272034559207182
157 HAM 0.4977239812849981983283639607
158 HAM 0.4994174974665819322802565306
159 SPAM 0.5334277822709427009812908634
160 HAM 0.4968344061137829912297372818
161 SPAM 0.5036760597243790919707560706
162 HAM 0.4806234324604060241548052720
163 SPAM 0.5020645118091193780880112843
164 HAM 0.4800509351502513559019989333
165 SPAM 0.5199007127754929395644902332
166 HAM 0.4982984677006533548925625943
167 HAM 0.4931528479744033572588915967
168 HAM 0.4908372404661746167824069555
169 HAM 0.4978837618901001513982813959
170 HAM 0.4944676358594591824716857354
171 HAM 0.4663354219828306814228927370
172 HAM 0.4678127191995788519890649627
173 HAM 0.4984843983721791135927187390
174 HAM 0.4979864725740305158806691869
175 SPAM 0.5008271667983154794829873982
176 HAM 0.4966848081947248731921930303
177 HAM 0.4947191334744971294169117577
178 HAM 0.4993682523129517760063110540
179 SPAM 0.5020883766316914813888438669
180 HAM 0.4982553203377223211909533120
181 SPAM 0.5021720261165321448658462800
182 SPAM 0.5036688523772184772246229920
183 SPAM 0.5016709945619929382383002086
184 HAM 0.4954132512208453219099465767
185 HAM 0.4955095851953999936957461531
186 HAM 0.4781961441718370420041724161
187 HAM 0.4646509253705011956620080511
188 HAM 0.4941473711204000766557747725
189 SPAM 0.5017599196910444643914580718
190 HAM 0.4974086862105087416603370082
191 HAM 0.4644493621495403403569642703
192 HAM 0.4953797061478478868638357241
193 HAM 0.4781343181419313389683818625
194 HAM 0.4984485407918200518449792904
195 SPAM 0.5290376731026864524403316706
196 HAM 0.4972446101671577889654286532
197 SPAM 0.5013914583422773687558418768
198 HAM 0.4886515297355408206919944708
199 HAM 0.4988263175620287193777047206
200 SPAM 0.5137994974410361149823058711
201 HAM 0.4693873172529529101087294819
202 HAM 0.4637215174125964749015853595
203 HAM 0.4938014554902221307923908864
204 HAM 0.4976814789896969561641475439
205 HAM 0.4904981807202445017149524901
206 SPAM 0.5199326372999437935374189903
207 HAM 0.4745831932582721476046483437
208 SPAM 0.5233345455874819734970289680
209 SPAM 0.5021383670496390621702602206
210 HAM 0.4942860694932938446888959660
211 HAM 0.4809859405755420026452635664
212 HAM 0.4951179416660468541774087399
213 HAM 0.4984573797765370402985951855
214 HAM 0.4987141129900368023645403410
215 HAM 0.4926497460388596518227314361
216 HAM 0.4987340878372682561662922641
217 HAM 0.4953276719837449831261582421
218 HAM 0.4929111023722820151615271392
219 HAM 0.4701953744649449332247974100
220 SPAM 0.5027097354422044528103584307
221 HAM 0.4983365834199442530892467113
222 HAM 0.4902487615212117501686994098
223 HAM 0.4635108750937819121005237110
224 SPAM 0.5289182994015508487921612747
225 HAM 0.4972667498834425607048266934
226 HAM 0.4972666508101722042187130921
227 HAM 0.4952669445471948680643761001
228 HAM 0.4810534118359671228915810702
229 HAM 0.4852411669293716378485532660
230 HAM 0.4957647799256757897417153835
231 HAM 0.4790483746717188824805112276
232 SPAM 0.5047860726741003349761164755
233 HAM 0.4745711901205715572320051891
234 SPAM 0.5206231631966152028610634817
235 HAM 0.4865139953520154768823614202
236 HAM 0.4950470646639561724384734709
237 HAM 0.4950986907094154376366857431
238 HAM 0.4987269139032740267888057252
239 HAM 0.4896386525194280073796214665
240 HAM 0.4953674789103240326383742607
241 HAM 0.4889750147533714930136460077
242 SPAM 0.5250056917587889233087909163
243 HAM 0.4638096718148966606998360017
244 SPAM 0.5007952688038721258314682587
245 SPAM 0.5023647760412776543242029385
246 HAM 0.4986991205867580288738146385
247 SPAM 0.5016484431929971198913527415
248 SPAM 0.5137835007334200334186484446
249 HAM 0.4972613939406991891728697619
250 SPAM 0.5016390323376018367187750843
251 HAM 0.4989358856910030849032314762
252 SPAM 0.5037398486199605841770380494
253 HAM 0.4696235679869288881303164177
254 SPAM 0.5024852861944890323691548883
255 HAM 0.4980485495957318910904514908
256 SPAM 0.5199677670063752007008995913
257 HAM 0.4926863762810396901251034269
258 HAM 0.4989340022447537712705435149
259 HAM 0.4888580194942840619718067492
260 HAM 0.4957875461573677592600270415
261 SPAM 0.5038841653272893470072609057
262 HAM 0.4947590578726752927579672941
263 SPAM 0.5027251168445226962856030948
264 SPAM 0.5025068665884020749613218716
265 HAM 0.4955126044979496930725386301
266 SPAM 0.5232923826371321022630796066
267 SPAM 0.5158100843996688860698925497
268 HAM 0.4721768118544125651043532937
269 SPAM 0.5095327469209093351966578675
270 HAM 0.4995024035665769240815852465
271 HAM 0.4919967677436778542000484265
272 HAM 0.4950193249553733391438106423
273 HAM 0.4577467685269272012986377219
274 SPAM 0.5089507372389583306438756252
275 HAM 0.4713759277980939645983620401
276 SPAM 0.5005294800835027739233164437
277 HAM 0.4971647804924915510141776015
278 SPAM 0.5043211519380758224278390056
279 SPAM 0.5078215310432302644572379596
280 HAM 0.4865449153590279270170947542
281 HAM 0.4992671507362355352737556496
282 SPAM 0.5003715575000726547728721403
283 HAM 0.4975958061107884836880826593
284 SPAM 0.5075524191476705148964724478
285 SPAM 0.5249739573479222626269313417
286 HAM 0.4959835490054329604206975494
287 HAM 0.4952765706487091498457538005
288 HAM 0.4989410135992566277101776013
289 SPAM 0.5035694177585984209546203926
290 HAM 0.4974451456157638051154896761
291 SPAM 0.5024774880730748235215622478
292 HAM 0.4855161339883967235701991261
293 HAM 0.4984832903079105214123012016
294 SPAM 0.5200756190884030086492536485
295 HAM 0.4896286228178350680223814851
296 SPAM 0.5010794032304891783188166725
297 HAM 0.4957737952797260399705462451
298 HAM 0.4987930910028631385128906688
299 HAM 0.4635823513260496728781233639
300 SPAM 0.5157839873114385520497097016
