001 HAM  0.1773539198051301323726786597
002 SPAM 0.9997729804800978655169207839
003 HAM  1.151274156605161013813174157E-7
004 HAM  4.635944898607913246206210468E-7
005 HAM  3.925459906455003512211545386E-8
006 HAM  0.0002881929450885973790283839875
007 HAM  8.965665408397457243791469451E-28
008 SPAM 0.9318324631009514898926221051
009 HAM  2.332162904106597239295180256E-21
010 HAM  0.02250751482765386636688079165
011 SPAM 0.9999999999997539568636377214
012 HAM  1.545675304074168589735532502E-15
013 HAM  1.137717790438776899997256924E-16
014 HAM  1.101814366441432560856241787E-17
015 HAM  2.386526946042803288866124439E-11
016 SPAM 0.9998880839860552205796877927
017 HAM  0.00006125998812876997987786541012
018 HAM  0.0001120721582239145327564640256
019 SPAM 0.9999664394149443829762365563
020 HAM  2.885672954777559622243632431E-19
021 HAM  6.327442903941619502244311968E-7
022 HAM  4.053522251305163090550217099E-13
023 HAM  7.030291316681834489217614226E-10
024 HAM  0.001155710656947029628431956207
025 HAM  1.762978309532665912604925865E-13
026 SPAM 0.9710356269160245589268028970
027 HAM  8.069365759105064953378480345E-32
028 HAM  1.950773718595567250146464942E-10
029 HAM  1.802445463991663802716241128E-16
030 SPAM 0.9999999569242847424142213234
031 HAM  1.686145818129519577214975191E-12
032 HAM  0.01607801263847957506328195809
033 HAM  2.203646014769195880267712000E-13
034 HAM  5.510826818527701439337639369E-23
035 HAM  4.827872563401698644638302336E-13
036 HAM  4.997455507261886414614153856E-20
037 HAM  9.866459799926473484798706457E-14
038 SPAM 0.9944310861729790257694875497
039 HAM  0.001552158470124034176838486493
040 HAM  1.379335929824045327821840098E-12
041 HAM  2.591960631413098405468770332E-16
042 SPAM 0.8111543485930524020987394674
043 HAM  8.251849729817936862380001058E-15
044 HAM  0.1077900234630599313884041861
045 HAM  0.0007502523565016184456217014662
046 HAM  9.397683299921411939799674672E-16
047 HAM  8.428377634383163928613601954E-15
048 HAM  0.1387771875141454225162267461
049 HAM  0.04280802096163591842163229728
050 HAM  0.1413258019080828628364244976
051 HAM  8.811331246782290500844283717E-27
052 SPAM 0.9999999999987203227403064098
053 HAM  0.0009931314286186596491475708676
054 HAM  0.000001373398279856259049809179540
055 HAM  2.901768074915883130898943946E-18
056 HAM  0.05929050902785969411628477332
057 HAM  4.816121503390657975473844453E-8
058 SPAM 0.9999999999999994839568600722
059 HAM  2.108660528356302950301224257E-19
060 HAM  1.216156332362684575638100149E-8
061 SPAM 0.9648757913996265485327841774
062 HAM  0.0006262866357096298317493920890
063 HAM  0.0002045832212933298362310720162
064 SPAM 0.9857758279997141150770920685
065 HAM  0.3559527116005481558109643828
066 HAM  4.033595338677119854680469115E-17
067 HAM  4.326869562108601678912498834E-12
068 SPAM 0.9999998360022092790605091924
069 HAM  2.402303656468316959299116268E-11
070 HAM  0.00001932745415251355016540477263
071 SPAM 0.9999999921375054117008162043
072 SPAM 0.8354457004725859784002199511
073 HAM  1.079610214658765312248751892E-15
074 HAM  0.006504457991279709556303868994
075 HAM  1.158003729053915825753596236E-12
076 SPAM 0.7121989405615879709235119206
077 HAM  6.972983548988447205515587400E-11
078 HAM  2.299433318149197997799998171E-9
079 HAM  1.599336050067607417109657417E-14
080 HAM  1.092816715257952023175702544E-14
081 HAM  0.006651440784098394300555155754
082 HAM  0.0003088971239619426073017034149
083 SPAM 0.8933901392906148008109490072
084 HAM  9.325131194230118683326488269E-18
085 HAM  3.573215632816846720385014455E-17
086 HAM  4.155495490109185853918303708E-12
087 HAM  0.003927110430625493104183952592
088 SPAM 0.9865093677980958285727651431
089 HAM  4.172606130248298685465866846E-19
090 HAM  1.001640489008029904689757619E-22
091 HAM  1.661129301388677765492285340E-26
092 SPAM 0.5266789708441134063482402498
093 HAM  0.000003843319815264548562190127063
094 HAM  9.872232320259571030937786156E-15
095 HAM  5.775461462142707305107195930E-7
096 HAM  0.03104482395373217215044273574
097 HAM  9.631204399900609338174601166E-13
098 SPAM 0.9999990749887877108068709852
099 HAM  2.667976452508541226154797966E-21
100 HAM  1.751736313954245949445138689E-23
